24/04/2024 15:38 [INFO] Завантажити рейси
24/04/2024 15:38 [INFO] Отриманий список бронювань
24/04/2024 15:38 [INFO] Зберігає ім'я пассажира
24/04/2024 15:38 [INFO] Зберігає прізвище пассажира
24/04/2024 15:38 [INFO] Робить аунтифікацію пассажира
24/04/2024 15:38 [INFO] Завантажений список пасажирів
24/04/2024 15:38 [INFO] Отриманий список бронювань
24/04/2024 15:38 [INFO] Створено та додано нового пасажира  Passenger{name='Petr', surname='Petrov', password='petr'} в БД
24/04/2024 15:38 [INFO] Зберігає ім'я пассажира
24/04/2024 15:38 [INFO] Зберігає прізвище пассажира
24/04/2024 15:38 [INFO] Робить аунтифікацію пассажира
24/04/2024 15:38 [INFO] Завантажений список пасажирів
24/04/2024 15:38 [INFO] Отриманий список бронювань
24/04/2024 15:38 [INFO] Створено та додано нового пасажира  Passenger{name='Alex', surname='Alexov', password='alex'} в БД
24/04/2024 15:39 [INFO] Перевіряє та передає пункт призначення
24/04/2024 15:39 [INFO] Перевіряє та передає дату рейсу
24/04/2024 15:39 [INFO] Перевіряє та передає кількість пассажирів
24/04/2024 15:39 [INFO] Пошук рейса
24/04/2024 15:39 [INFO] Виводить запрошенні рейси та здійснює бронювання за бажанням пассажира
24/04/2024 15:39 [INFO] Отримати деталі рейса
24/04/2024 15:39 [INFO] Отримати деталі рейса
24/04/2024 15:39 [INFO] Отримати деталі рейса
24/04/2024 15:39 [INFO] Отримати деталі рейса
24/04/2024 15:39 [INFO] Отримати деталі рейса
24/04/2024 15:39 [INFO] Отримати деталі рейса
24/04/2024 15:39 [INFO] Отримати деталі рейса
24/04/2024 15:39 [INFO] Отримати деталі рейса
24/04/2024 15:39 [INFO] Отримати деталі рейса
24/04/2024 15:39 [INFO] Отримати деталі рейса
24/04/2024 15:39 [INFO] Отримати деталі рейса
24/04/2024 15:39 [INFO] Отримати деталі рейса
24/04/2024 15:39 [INFO] Отримати деталі рейса
24/04/2024 15:39 [INFO] Отримати деталі рейса
24/04/2024 15:39 [INFO] Отримати деталі рейса
24/04/2024 15:39 [INFO] Отримати деталі рейса
24/04/2024 15:39 [INFO] Отримати деталі рейса
24/04/2024 15:39 [INFO] Отримати деталі рейса
24/04/2024 15:39 [INFO] Отримати деталі рейса
24/04/2024 15:39 [INFO] Отримати деталі рейса
24/04/2024 15:39 [INFO] Отримати деталі рейса
24/04/2024 15:39 [INFO] Отримати деталі рейса
24/04/2024 15:39 [INFO] Отримати деталі рейса
24/04/2024 15:39 [INFO] Отримати деталі рейса
24/04/2024 15:39 [INFO] Отримати деталі рейса
24/04/2024 15:39 [INFO] Отримати деталі рейса
24/04/2024 15:39 [INFO] Отримати деталі рейса
24/04/2024 15:39 [INFO] Отримати деталі рейса
24/04/2024 15:39 [INFO] Отримати деталі рейса
24/04/2024 15:39 [INFO] Отримати деталі рейса
24/04/2024 15:39 [INFO] Отримати деталі рейса
24/04/2024 15:39 [INFO] Отримати деталі рейса
24/04/2024 15:39 [INFO] Зберігає ім'я пассажира
24/04/2024 15:39 [INFO] Зберігає прізвище пассажира
24/04/2024 15:39 [INFO] Завантажений список пасажирів
24/04/2024 15:39 [INFO] Отриманий список бронювань
24/04/2024 15:39 [INFO] Отриманий список бронювань
24/04/2024 15:39 [INFO] Бронювання з ID 16 додано то списку
24/04/2024 15:39 [INFO] Бронювання з ID 16 успішно збережено в БД
24/04/2024 15:39 [INFO] Зберігає ім'я пассажира
24/04/2024 15:39 [INFO] Зберігає прізвище пассажира
24/04/2024 15:39 [INFO] Завантажений список пасажирів
24/04/2024 15:39 [INFO] Отриманий список бронювань
24/04/2024 15:39 [INFO] Отриманий список бронювань
24/04/2024 15:39 [INFO] Бронювання з ID 17 додано то списку
24/04/2024 15:39 [INFO] Бронювання з ID 17 успішно збережено в БД
24/04/2024 15:39 [INFO] Рейси збережено
24/04/2024 15:39 [INFO] Заброньовані місця
24/04/2024 15:39 [INFO] виводить заброньовані рейси пассажира
24/04/2024 15:39 [INFO] Пошук пасажира Passenger{name='Alex', surname='Alexov', password='alex'} в БД
24/04/2024 15:39 [INFO] Отриманий список бронювань
24/04/2024 15:40 [INFO] Перевіряє та передає номер рейсу
24/04/2024 15:40 [INFO] Отримати рейс за номером
24/04/2024 15:40 [INFO] Отримати деталі рейса
24/04/2024 15:40 [INFO] Перевіряє та передає айді рейсу
24/04/2024 15:40 [INFO] Отримано бронювання по ID 29
24/04/2024 15:41 [INFO] Зберігає ім'я пассажира
24/04/2024 15:41 [INFO] Зберігає прізвище пассажира
24/04/2024 15:41 [INFO] Робить аунтифікацію пассажира
24/04/2024 15:41 [INFO] Завантажений список пасажирів
24/04/2024 15:41 [INFO] Отриманий список бронювань
24/04/2024 15:41 [INFO] Знайдено пасажира Optional[Passenger{name='Petr', surname='Petrov', password='petr'}] в БД
24/04/2024 15:41 [INFO] виводить заброньовані рейси пассажира
24/04/2024 15:41 [INFO] Пошук пасажира Passenger{name='Petr', surname='Petrov', password='petr'} в БД
24/04/2024 15:41 [INFO] Отриманий список бронювань
24/04/2024 15:41 [INFO] Перевіряє та передає айді рейсу
24/04/2024 15:41 [INFO] Отримано бронювання по ID 17
24/04/2024 15:41 [INFO] Пошук пасажира Passenger{name='Petr', surname='Petrov', password='petr'} в БД
24/04/2024 15:41 [INFO] Отриманий список бронювань
24/04/2024 15:41 [INFO] Отримано бронювання по ID 17
24/04/2024 15:41 [INFO] Рейси збережено
24/04/2024 15:41 [INFO] Заброньовані місця
24/04/2024 15:41 [INFO] Отримано бронювання по ID 17
24/04/2024 15:41 [INFO] Бронювання з ID 17 видалено зі списку
24/04/2024 15:41 [INFO] Бронювання з ID 17 видалено з БД
24/04/2024 15:41 [INFO] виводить заброньовані рейси пассажира
24/04/2024 15:41 [INFO] Пошук пасажира Passenger{name='Petr', surname='Petrov', password='petr'} в БД
24/04/2024 15:41 [INFO] Отриманий список бронювань
24/04/2024 15:41 [INFO] Перевіряє та передає номер рейсу
24/04/2024 15:41 [INFO] Отримати рейс за номером
24/04/2024 15:41 [INFO] Отримати деталі рейса
24/04/2024 15:42 [INFO] Зберігає ім'я пассажира
24/04/2024 15:42 [INFO] Зберігає прізвище пассажира
24/04/2024 15:42 [INFO] Робить аунтифікацію пассажира
24/04/2024 15:42 [INFO] Завантажений список пасажирів
24/04/2024 15:42 [INFO] Отриманий список бронювань
24/04/2024 15:42 [INFO] Знайдено пасажира Optional[Passenger{name='Ivan', surname='Ivanov', password='ivan'}] в БД
24/04/2024 15:42 [INFO] виводить заброньовані рейси пассажира
24/04/2024 15:42 [INFO] Пошук пасажира Passenger{name='Ivan', surname='Ivanov', password='ivan'} в БД
24/04/2024 15:42 [INFO] Отриманий список бронювань
24/04/2024 15:42 [INFO] Перевіряє та передає пункт призначення
24/04/2024 15:43 [INFO] Перевіряє та передає дату рейсу
24/04/2024 15:43 [INFO] Перевіряє та передає кількість пассажирів
24/04/2024 15:43 [INFO] Пошук рейса
24/04/2024 15:43 [INFO] Виводить запрошенні рейси та здійснює бронювання за бажанням пассажира
24/04/2024 15:43 [INFO] Отримати деталі рейса
24/04/2024 15:43 [INFO] Отримати деталі рейса
24/04/2024 15:43 [INFO] Отримати деталі рейса
24/04/2024 15:43 [INFO] Отримати деталі рейса
24/04/2024 15:43 [INFO] Отримати деталі рейса
24/04/2024 15:43 [INFO] Отримати деталі рейса
24/04/2024 15:43 [INFO] Отримати деталі рейса
24/04/2024 15:43 [INFO] Отримати деталі рейса
24/04/2024 15:43 [INFO] Отримати деталі рейса
24/04/2024 15:43 [INFO] Отримати деталі рейса
24/04/2024 15:43 [INFO] Отримати деталі рейса
24/04/2024 15:43 [INFO] Отримати деталі рейса
24/04/2024 15:43 [INFO] Отримати деталі рейса
24/04/2024 15:43 [INFO] Отримати деталі рейса
24/04/2024 15:43 [INFO] Отримати деталі рейса
24/04/2024 15:43 [INFO] Отримати деталі рейса
24/04/2024 15:43 [INFO] Отримати деталі рейса
24/04/2024 15:43 [INFO] Зберігає ім'я пассажира
24/04/2024 15:43 [INFO] Зберігає прізвище пассажира
24/04/2024 15:43 [INFO] Завантажений список пасажирів
24/04/2024 15:43 [INFO] Отриманий список бронювань
24/04/2024 15:43 [INFO] Завантажений список пасажирів
24/04/2024 15:43 [INFO] Отриманий список бронювань
24/04/2024 15:43 [INFO] Отриманий список бронювань
24/04/2024 15:43 [INFO] Бронювання з ID 17 додано то списку
24/04/2024 15:43 [INFO] Бронювання з ID 17 успішно збережено в БД
24/04/2024 15:43 [INFO] Рейси збережено
24/04/2024 15:43 [INFO] Заброньовані місця
24/04/2024 15:43 [INFO] виводить заброньовані рейси пассажира
24/04/2024 15:43 [INFO] Пошук пасажира Passenger{name='Ivan', surname='Ivanov', password='ivan'} в БД
24/04/2024 15:43 [INFO] Отриманий список бронювань
24/04/2024 15:43 [INFO] Перевіряє та передає айді рейсу
24/04/2024 15:43 [INFO] Отримано бронювання по ID 16
24/04/2024 15:43 [INFO] Пошук пасажира Passenger{name='Alex', surname='Alexov', password='alex'} в БД
24/04/2024 15:43 [INFO] Отриманий список бронювань
24/04/2024 15:43 [INFO] Отримано бронювання по ID 16
24/04/2024 15:44 [INFO] Рейси збережено
24/04/2024 15:44 [INFO] Заброньовані місця
24/04/2024 15:44 [INFO] Отримано бронювання по ID 16
24/04/2024 15:44 [INFO] Бронювання з ID 16 видалено зі списку
24/04/2024 15:44 [INFO] Бронювання з ID 16 видалено з БД
24/04/2024 15:44 [INFO] Перевіряє та передає айді рейсу
24/04/2024 15:44 [INFO] Отримано бронювання по ID 17
24/04/2024 15:44 [INFO] Пошук пасажира Passenger{name='Ivan', surname='Ivanov', password='ivan'} в БД
24/04/2024 15:44 [INFO] Отриманий список бронювань
24/04/2024 15:44 [INFO] Отримано бронювання по ID 17
24/04/2024 15:44 [INFO] Рейси збережено
24/04/2024 15:44 [INFO] Заброньовані місця
24/04/2024 15:44 [INFO] Отримано бронювання по ID 17
24/04/2024 15:44 [INFO] Бронювання з ID 17 видалено зі списку
24/04/2024 15:44 [INFO] Бронювання з ID 17 видалено з БД29/04/2024 21:57 [INFO] Завантажити рейси
29/04/2024 21:57 [INFO] Отриманий список бронювань
29/04/2024 21:57 [INFO] Зберігає ім'я пассажира
29/04/2024 21:57 [INFO] Зберігає прізвище пассажира
29/04/2024 21:58 [INFO] Робить аунтифікацію пассажира
29/04/2024 21:58 [INFO] Завантажений список пасажирів
29/04/2024 21:58 [INFO] Отриманий список бронювань
29/04/2024 21:58 [INFO] Створено та додано нового пасажира  Passenger{name='Master', surname='Yoda', password='master'} в БД
29/04/2024 21:58 [INFO] Перевіряє та передає пункт призначення
29/04/2024 21:59 [INFO] Перевіряє та передає дату рейсу
29/04/2024 21:59 [INFO] Перевіряє та передає кількість пассажирів
29/04/2024 21:59 [INFO] Пошук рейса
29/04/2024 21:59 [INFO] Виводить запрошенні рейси та здійснює бронювання за бажанням пассажира
29/04/2024 21:59 [INFO] Отримати деталі рейса
29/04/2024 21:59 [INFO] Отримати деталі рейса
29/04/2024 21:59 [INFO] Отримати деталі рейса
29/04/2024 21:59 [INFO] Отримати деталі рейса
29/04/2024 21:59 [INFO] Отримати деталі рейса
29/04/2024 21:59 [INFO] Отримати деталі рейса
29/04/2024 21:59 [INFO] Отримати деталі рейса
29/04/2024 21:59 [INFO] Отримати деталі рейса
29/04/2024 21:59 [INFO] Отримати деталі рейса
29/04/2024 21:59 [INFO] Отримати деталі рейса
29/04/2024 21:59 [INFO] Отримати деталі рейса
29/04/2024 21:59 [INFO] Отримати деталі рейса
29/04/2024 21:59 [INFO] Отримати деталі рейса
29/04/2024 21:59 [INFO] Отримати деталі рейса
29/04/2024 21:59 [INFO] Отримати деталі рейса
29/04/2024 21:59 [INFO] Отримати деталі рейса
29/04/2024 21:59 [INFO] Отримати деталі рейса
29/04/2024 21:59 [INFO] Отримати деталі рейса
29/04/2024 21:59 [INFO] Отримати деталі рейса
29/04/2024 21:59 [INFO] Отримати деталі рейса
29/04/2024 21:59 [INFO] Отримати деталі рейса
29/04/2024 21:59 [INFO] Отримати деталі рейса
29/04/2024 21:59 [INFO] Отримати деталі рейса
29/04/2024 22:00 [INFO] Зберігає ім'я пассажира
29/04/2024 22:00 [INFO] Зберігає прізвище пассажира
29/04/2024 22:00 [INFO] Завантажений список пасажирів
29/04/2024 22:00 [INFO] Отриманий список бронювань
29/04/2024 22:00 [INFO] Отриманий список бронювань
29/04/2024 22:00 [INFO] Бронювання з ID 16 додано то списку
29/04/2024 22:00 [INFO] Бронювання з ID 16 успішно збережено в БД
29/04/2024 22:00 [INFO] Рейси збережено
29/04/2024 22:00 [INFO] Заброньовані місця
29/04/2024 22:00 [INFO] виводить заброньовані рейси пассажира
29/04/2024 22:00 [INFO] Пошук пасажира Passenger{name='Master', surname='Yoda', password='master'} в БД
29/04/2024 22:00 [INFO] Отриманий список бронювань
29/04/2024 22:01 [INFO] Завантажити рейси
29/04/2024 22:01 [INFO] Отриманий список бронювань
29/04/2024 22:01 [INFO] Зберігає ім'я пассажира
29/04/2024 22:02 [INFO] Зберігає прізвище пассажира
29/04/2024 22:02 [INFO] Робить аунтифікацію пассажира
29/04/2024 22:02 [INFO] Завантажений список пасажирів
29/04/2024 22:02 [INFO] Отриманий список бронювань
29/04/2024 22:02 [INFO] Знайдено пасажира Passenger{name='Master', surname='Yoda', password='master'} в БД
29/04/2024 22:02 [INFO] виводить заброньовані рейси пассажира
29/04/2024 22:02 [INFO] Пошук пасажира Passenger{name='Master', surname='Yoda', password='master'} в БД
29/04/2024 22:02 [INFO] Отриманий список бронювань
29/04/2024 22:02 [INFO] Перевіряє та передає пункт призначення
29/04/2024 22:02 [INFO] Перевіряє та передає дату рейсу
29/04/2024 22:02 [INFO] Перевіряє та передає кількість пассажирів
29/04/2024 22:02 [INFO] Пошук рейса
29/04/2024 22:02 [INFO] Виводить запрошенні рейси та здійснює бронювання за бажанням пассажира
29/04/2024 22:02 [INFO] Отримати деталі рейса
29/04/2024 22:02 [INFO] Отримати деталі рейса
29/04/2024 22:02 [INFO] Отримати деталі рейса
29/04/2024 22:02 [INFO] Отримати деталі рейса
29/04/2024 22:02 [INFO] Отримати деталі рейса
29/04/2024 22:02 [INFO] Отримати деталі рейса
29/04/2024 22:02 [INFO] Отримати деталі рейса
29/04/2024 22:02 [INFO] Отримати деталі рейса
29/04/2024 22:02 [INFO] Отримати деталі рейса
29/04/2024 22:02 [INFO] Отримати деталі рейса
29/04/2024 22:02 [INFO] Отримати деталі рейса
29/04/2024 22:02 [INFO] Отримати деталі рейса
29/04/2024 22:02 [INFO] Отримати деталі рейса
29/04/2024 22:02 [INFO] Отримати деталі рейса
29/04/2024 22:02 [INFO] Отримати деталі рейса
29/04/2024 22:02 [INFO] Отримати деталі рейса
29/04/2024 22:02 [INFO] Отримати деталі рейса
29/04/2024 22:02 [INFO] Отримати деталі рейса
29/04/2024 22:02 [INFO] Отримати деталі рейса
29/04/2024 22:02 [INFO] Отримати деталі рейса
29/04/2024 22:02 [INFO] Отримати деталі рейса
29/04/2024 22:02 [INFO] Отримати деталі рейса
29/04/2024 22:02 [INFO] Отримати деталі рейса
29/04/2024 22:02 [INFO] Зберігає ім'я пассажира
29/04/2024 22:03 [INFO] Зберігає прізвище пассажира
29/04/2024 22:03 [INFO] Завантажений список пасажирів
29/04/2024 22:03 [INFO] Отриманий список бронювань
29/04/2024 22:03 [INFO] Отриманий список бронювань
29/04/2024 22:03 [INFO] Бронювання з ID 17 додано то списку
29/04/2024 22:03 [INFO] Бронювання з ID 17 успішно збережено в БД
29/04/2024 22:03 [INFO] Рейси збережено
29/04/2024 22:03 [INFO] Заброньовані місця
29/04/2024 22:03 [INFO] виводить заброньовані рейси пассажира
29/04/2024 22:03 [INFO] Пошук пасажира Passenger{name='Master', surname='Yoda', password='master'} в БД
29/04/2024 22:03 [INFO] Отриманий список бронювань
29/04/2024 22:03 [INFO] Зберігає ім'я пассажира
29/04/2024 22:03 [INFO] Зберігає прізвище пассажира
29/04/2024 22:03 [INFO] Робить аунтифікацію пассажира
29/04/2024 22:03 [INFO] Завантажений список пасажирів
29/04/2024 22:03 [INFO] Отриманий список бронювань
29/04/2024 22:03 [INFO] Знайдено пасажира Passenger{name='qwerty', surname='ytrewq', password='qwerty'} в БД
29/04/2024 22:03 [INFO] виводить заброньовані рейси пассажира
29/04/2024 22:03 [INFO] Пошук пасажира Passenger{name='qwerty', surname='ytrewq', password='qwerty'} в БД
29/04/2024 22:03 [INFO] Отриманий список бронювань
29/04/2024 22:38 [INFO] Завантажити рейси
29/04/2024 22:38 [INFO] Отриманий список бронювань
29/04/2024 22:39 [INFO] Завантажити рейси
29/04/2024 22:39 [INFO] Отриманий список бронювань
29/04/2024 22:39 [INFO] Зберігає ім'я пассажира
29/04/2024 22:40 [INFO] Зберігає прізвище пассажира
29/04/2024 22:40 [INFO] Робить аунтифікацію пассажира
29/04/2024 22:40 [INFO] Завантажений список пасажирів
29/04/2024 22:40 [INFO] Отриманий список бронювань
29/04/2024 22:40 [INFO] Створено та додано нового пасажира  Passenger{name='Master', surname='Yoda', password='master'} в БД
29/04/2024 22:40 [INFO] Перевіряє та передає пункт призначення
29/04/2024 22:40 [INFO] Перевіряє та передає дату рейсу
29/04/2024 22:40 [ERROR] Невірно введено число
29/04/2024 22:40 [ERROR] Невірно введено число
29/04/2024 22:40 [INFO] Перевіряє та передає кількість пассажирів
29/04/2024 22:40 [INFO] Пошук рейса
29/04/2024 22:40 [INFO] Виводить запрошенні рейси та здійснює бронювання за бажанням пассажира
29/04/2024 22:40 [INFO] Отримати деталі рейса
29/04/2024 22:40 [INFO] Отримати деталі рейса
29/04/2024 22:40 [INFO] Отримати деталі рейса
29/04/2024 22:40 [INFO] Отримати деталі рейса
29/04/2024 22:40 [INFO] Отримати деталі рейса
29/04/2024 22:40 [INFO] Отримати деталі рейса
29/04/2024 22:40 [INFO] Отримати деталі рейса
29/04/2024 22:40 [INFO] Отримати деталі рейса
29/04/2024 22:40 [INFO] Отримати деталі рейса
29/04/2024 22:40 [INFO] Отримати деталі рейса
29/04/2024 22:40 [INFO] Отримати деталі рейса
29/04/2024 22:40 [INFO] Отримати деталі рейса
29/04/2024 22:40 [INFO] Отримати деталі рейса
29/04/2024 22:40 [INFO] Отримати деталі рейса
29/04/2024 22:40 [INFO] Отримати деталі рейса
29/04/2024 22:40 [INFO] Отримати деталі рейса
29/04/2024 22:40 [INFO] Отримати деталі рейса
29/04/2024 22:40 [INFO] Отримати деталі рейса
29/04/2024 22:40 [INFO] Отримати деталі рейса
29/04/2024 22:40 [INFO] Отримати деталі рейса
29/04/2024 22:40 [INFO] Отримати деталі рейса
29/04/2024 22:40 [INFO] Отримати деталі рейса
29/04/2024 22:40 [INFO] Отримати деталі рейса
29/04/2024 22:40 [INFO] Зберігає ім'я пассажира
29/04/2024 22:40 [INFO] Зберігає прізвище пассажира
29/04/2024 22:40 [INFO] Завантажений список пасажирів
29/04/2024 22:40 [INFO] Отриманий список бронювань
29/04/2024 22:40 [INFO] Отриманий список бронювань
29/04/2024 22:40 [INFO] Бронювання з ID 1 додано то списку
29/04/2024 22:40 [INFO] Бронювання з ID 1 успішно збережено в БД
29/04/2024 22:40 [INFO] Рейси збережено
29/04/2024 22:40 [INFO] Заброньовані місця
29/04/2024 22:40 [INFO] виводить заброньовані рейси пассажира
29/04/2024 22:40 [INFO] Пошук пасажира Passenger{name='Master', surname='Yoda', password='master'} в БД
29/04/2024 22:40 [INFO] Отриманий список бронювань
29/04/2024 22:41 [INFO] Перевіряє та передає пункт призначення
29/04/2024 22:41 [INFO] Перевіряє та передає дату рейсу
29/04/2024 22:41 [INFO] Перевіряє та передає кількість пассажирів
29/04/2024 22:41 [INFO] Пошук рейса
29/04/2024 22:41 [INFO] Виводить запрошенні рейси та здійснює бронювання за бажанням пассажира
29/04/2024 22:41 [INFO] Отримати деталі рейса
29/04/2024 22:41 [INFO] Отримати деталі рейса
29/04/2024 22:41 [INFO] Отримати деталі рейса
29/04/2024 22:41 [INFO] Отримати деталі рейса
29/04/2024 22:41 [INFO] Отримати деталі рейса
29/04/2024 22:41 [INFO] Отримати деталі рейса
29/04/2024 22:41 [INFO] Отримати деталі рейса
29/04/2024 22:41 [INFO] Отримати деталі рейса
29/04/2024 22:41 [INFO] Отримати деталі рейса
29/04/2024 22:41 [INFO] Отримати деталі рейса
29/04/2024 22:41 [INFO] Отримати деталі рейса
29/04/2024 22:41 [INFO] Отримати деталі рейса
29/04/2024 22:41 [INFO] Отримати деталі рейса
29/04/2024 22:41 [INFO] Отримати деталі рейса
29/04/2024 22:41 [INFO] Отримати деталі рейса
29/04/2024 22:41 [INFO] Отримати деталі рейса
29/04/2024 22:41 [INFO] Отримати деталі рейса
29/04/2024 22:41 [INFO] Отримати деталі рейса
29/04/2024 22:41 [INFO] Отримати деталі рейса
29/04/2024 22:41 [INFO] Отримати деталі рейса
29/04/2024 22:41 [INFO] Отримати деталі рейса
29/04/2024 22:41 [INFO] Отримати деталі рейса
29/04/2024 22:41 [INFO] Отримати деталі рейса
29/04/2024 22:41 [INFO] Завантажити рейси
29/04/2024 22:41 [INFO] Отриманий список бронювань
29/04/2024 22:41 [INFO] Зберігає ім'я пассажира
29/04/2024 22:41 [INFO] Зберігає прізвище пассажира
29/04/2024 22:41 [INFO] Робить аунтифікацію пассажира
29/04/2024 22:41 [INFO] Завантажений список пасажирів
29/04/2024 22:41 [INFO] Отриманий список бронювань
29/04/2024 22:41 [INFO] Знайдено пасажира Passenger{name='Master', surname='Yoda', password='master'} в БД
29/04/2024 22:41 [INFO] Перевіряє та передає пункт призначення
29/04/2024 22:41 [INFO] Перевіряє та передає дату рейсу
29/04/2024 22:41 [INFO] Перевіряє та передає кількість пассажирів
29/04/2024 22:41 [INFO] Пошук рейса
29/04/2024 22:41 [INFO] Виводить запрошенні рейси та здійснює бронювання за бажанням пассажира
29/04/2024 22:41 [INFO] Отримати деталі рейса
29/04/2024 22:41 [INFO] Отримати деталі рейса
29/04/2024 22:41 [INFO] Отримати деталі рейса
29/04/2024 22:41 [INFO] Отримати деталі рейса
29/04/2024 22:41 [INFO] Отримати деталі рейса
29/04/2024 22:41 [INFO] Отримати деталі рейса
29/04/2024 22:41 [INFO] Отримати деталі рейса
29/04/2024 22:41 [INFO] Отримати деталі рейса
29/04/2024 22:41 [INFO] Отримати деталі рейса
29/04/2024 22:41 [INFO] Отримати деталі рейса
29/04/2024 22:41 [INFO] Отримати деталі рейса
29/04/2024 22:41 [INFO] Отримати деталі рейса
29/04/2024 22:41 [INFO] Отримати деталі рейса
29/04/2024 22:41 [INFO] Отримати деталі рейса
29/04/2024 22:41 [INFO] Отримати деталі рейса
29/04/2024 22:41 [INFO] Отримати деталі рейса
29/04/2024 22:41 [INFO] Отримати деталі рейса
29/04/2024 22:41 [INFO] Отримати деталі рейса
29/04/2024 22:41 [INFO] Отримати деталі рейса
29/04/2024 22:41 [INFO] Отримати деталі рейса
29/04/2024 22:41 [INFO] Отримати деталі рейса
29/04/2024 22:41 [INFO] Отримати деталі рейса
29/04/2024 22:41 [INFO] Отримати деталі рейса
29/04/2024 22:41 [INFO] Зберігає ім'я пассажира
29/04/2024 22:42 [INFO] Зберігає прізвище пассажира
29/04/2024 22:42 [INFO] Завантажений список пасажирів
29/04/2024 22:42 [INFO] Отриманий список бронювань
29/04/2024 22:42 [INFO] Отриманий список бронювань
29/04/2024 22:42 [INFO] Бронювання з ID 2 додано то списку
29/04/2024 22:42 [INFO] Бронювання з ID 2 успішно збережено в БД
29/04/2024 22:42 [INFO] Рейси збережено
29/04/2024 22:42 [INFO] Заброньовані місця
29/04/2024 22:42 [INFO] виводить заброньовані рейси пассажира
29/04/2024 22:42 [INFO] Пошук пасажира Passenger{name='Master', surname='Yoda', password='master'} в БД
29/04/2024 22:42 [INFO] Отриманий список бронювань
29/04/2024 22:42 [INFO] Перевіряє та передає айді рейсу
29/04/2024 22:42 [INFO] Отримано бронювання по ID 1
29/04/2024 22:42 [INFO] Пошук пасажира Passenger{name='Master', surname='Yoda', password='master'} в БД
29/04/2024 22:42 [INFO] Отриманий список бронювань
29/04/2024 22:42 [INFO] Отримано бронювання по ID 1
29/04/2024 22:42 [INFO] Рейси збережено
29/04/2024 22:42 [INFO] Заброньовані місця
29/04/2024 22:42 [INFO] Отримано бронювання по ID 1
29/04/2024 22:42 [INFO] Бронювання з ID 1 видалено зі списку
29/04/2024 22:42 [INFO] Бронювання з ID 1 видалено з БД
29/04/2024 22:42 [INFO] виводить заброньовані рейси пассажира
29/04/2024 22:42 [INFO] Пошук пасажира Passenger{name='Master', surname='Yoda', password='master'} в БД
29/04/2024 22:42 [INFO] Отриманий список бронювань
29/04/2024 22:52 [INFO] Завантажити рейси
29/04/2024 22:52 [INFO] Отримати рейси за поточний день
29/04/2024 22:52 [INFO] Завантажити рейси
29/04/2024 22:52 [INFO] Вивести на екран всі рейси
29/04/2024 22:52 [INFO] Отримати рейси за поточний день
29/04/2024 22:52 [INFO] Завантажити рейси
29/04/2024 22:52 [INFO] Отримати рейс за номером
29/04/2024 22:52 [INFO] Завантажити рейси
29/04/2024 22:52 [INFO] Отримати рейс за номером
29/04/2024 22:53 [INFO] Завантажений список пасажирів
29/04/2024 22:53 [INFO] Пошук пасажира Passenger{name='Ivan', surname='Ivanov', password='ivan'} в БД
29/04/2024 22:53 [INFO] Завантажений список пасажирів
